{
  "stats": {
    "suites": 1,
    "tests": 3,
    "passes": 0,
    "pending": 0,
    "failures": 3,
    "start": "2024-07-31T20:20:28.052Z",
    "end": "2024-07-31T20:20:30.094Z",
    "duration": 2042,
    "testsRegistered": 3,
    "passPercent": 0,
    "pendingPercent": 0,
    "other": 0,
    "hasOther": false,
    "skipped": 0,
    "hasSkipped": false
  },
  "results": [
    {
      "uuid": "7c4303c5-7e60-4cb3-b677-849b397d830e",
      "title": "",
      "fullFile": "cypress\\integration\\features\\api-tests.feature",
      "file": "cypress\\integration\\features\\api-tests.feature",
      "beforeHooks": [],
      "afterHooks": [],
      "tests": [],
      "suites": [
        {
          "uuid": "be84f983-a58e-4858-adb6-bd70a6e8b028",
          "title": "Testes de API",
          "fullFile": "",
          "file": "",
          "beforeHooks": [],
          "afterHooks": [],
          "tests": [
            {
              "title": "Criar um novo post",
              "fullTitle": "Testes de API Criar um novo post",
              "timedOut": null,
              "duration": 865,
              "state": "failed",
              "speed": null,
              "pass": false,
              "fail": true,
              "pending": false,
              "context": null,
              "code": "const state = window.testState;\nreturn cy\n  .then(() => state.onStartScenario(scenario, indexedSteps))\n  .then(() =>\n    resolveAndRunBeforeHooks.call(this, scenario.tags, state.feature.name)\n  )\n  .then(() =>\n    indexedSteps.forEach((step) =>\n      stepTest.call(this, state, step, rowData)\n    )\n  )\n  .then(() => state.onFinishScenario(scenario));",
              "err": {
                "message": "Error: Step implementation missing for: que eu tenho uma nova postagem com título \"foo\" e corpo \"bar\"",
                "estack": "Error: Step implementation missing for: que eu tenho uma nova postagem com título \"foo\" e corpo \"bar\"\n    at Context.resolveAndRunStepDefinition (node_modules/cypress-cucumber-preprocessor/lib/resolveStepDefinition.js:199:0)\n    at Context.eval (node_modules/cypress-cucumber-preprocessor/lib/createTestFromScenario.js:27:0)",
                "diff": null
              },
              "uuid": "47ddf985-a6d7-4736-aac8-86f2672eba4f",
              "parentUUID": "be84f983-a58e-4858-adb6-bd70a6e8b028",
              "isHook": false,
              "skipped": false
            },
            {
              "title": "Atualizar um post existente",
              "fullTitle": "Testes de API Atualizar um post existente",
              "timedOut": null,
              "duration": 516,
              "state": "failed",
              "speed": null,
              "pass": false,
              "fail": true,
              "pending": false,
              "context": null,
              "code": "const state = window.testState;\nreturn cy\n  .then(() => state.onStartScenario(scenario, indexedSteps))\n  .then(() =>\n    resolveAndRunBeforeHooks.call(this, scenario.tags, state.feature.name)\n  )\n  .then(() =>\n    indexedSteps.forEach((step) =>\n      stepTest.call(this, state, step, rowData)\n    )\n  )\n  .then(() => state.onFinishScenario(scenario));",
              "err": {
                "message": "Error: Step implementation missing for: que eu tenho um post existente com id 1",
                "estack": "Error: Step implementation missing for: que eu tenho um post existente com id 1\n    at Context.resolveAndRunStepDefinition (node_modules/cypress-cucumber-preprocessor/lib/resolveStepDefinition.js:199:0)\n    at Context.eval (node_modules/cypress-cucumber-preprocessor/lib/createTestFromScenario.js:27:0)",
                "diff": null
              },
              "uuid": "05c7541c-7b78-4db7-b576-14f51832ed8b",
              "parentUUID": "be84f983-a58e-4858-adb6-bd70a6e8b028",
              "isHook": false,
              "skipped": false
            },
            {
              "title": "Consultar um post existente",
              "fullTitle": "Testes de API Consultar um post existente",
              "timedOut": null,
              "duration": 353,
              "state": "failed",
              "speed": null,
              "pass": false,
              "fail": true,
              "pending": false,
              "context": null,
              "code": "const state = window.testState;\nreturn cy\n  .then(() => state.onStartScenario(scenario, indexedSteps))\n  .then(() =>\n    resolveAndRunBeforeHooks.call(this, scenario.tags, state.feature.name)\n  )\n  .then(() =>\n    indexedSteps.forEach((step) =>\n      stepTest.call(this, state, step, rowData)\n    )\n  )\n  .then(() => state.onFinishScenario(scenario));",
              "err": {
                "message": "Error: Step implementation missing for: que eu tenho um post existente com id 1",
                "estack": "Error: Step implementation missing for: que eu tenho um post existente com id 1\n    at Context.resolveAndRunStepDefinition (node_modules/cypress-cucumber-preprocessor/lib/resolveStepDefinition.js:199:0)\n    at Context.eval (node_modules/cypress-cucumber-preprocessor/lib/createTestFromScenario.js:27:0)",
                "diff": null
              },
              "uuid": "3ee5338d-ae61-43ef-8bd7-1bf1082942a9",
              "parentUUID": "be84f983-a58e-4858-adb6-bd70a6e8b028",
              "isHook": false,
              "skipped": false
            }
          ],
          "suites": [],
          "passes": [],
          "failures": [
            "47ddf985-a6d7-4736-aac8-86f2672eba4f",
            "05c7541c-7b78-4db7-b576-14f51832ed8b",
            "3ee5338d-ae61-43ef-8bd7-1bf1082942a9"
          ],
          "pending": [],
          "skipped": [],
          "duration": 1734,
          "root": false,
          "rootEmpty": false,
          "_timeout": 2000
        }
      ],
      "passes": [],
      "failures": [],
      "pending": [],
      "skipped": [],
      "duration": 0,
      "root": true,
      "rootEmpty": true,
      "_timeout": 2000
    }
  ],
  "meta": {
    "mocha": {
      "version": "7.0.1"
    },
    "mochawesome": {
      "options": {
        "quiet": false,
        "reportFilename": "mochawesome",
        "saveHtml": true,
        "saveJson": true,
        "consoleReporter": "spec",
        "useInlineDiffs": false,
        "code": true
      },
      "version": "7.1.3"
    },
    "marge": {
      "options": {
        "reportDir": "cypress/reports",
        "overwrite": false,
        "html": true,
        "json": true
      },
      "version": "6.2.0"
    }
  }
}