{
  "stats": {
    "suites": 1,
    "tests": 3,
    "passes": 0,
    "pending": 0,
    "failures": 3,
    "start": "2024-07-31T20:29:58.753Z",
    "end": "2024-07-31T20:30:00.486Z",
    "duration": 1733,
    "testsRegistered": 3,
    "passPercent": 0,
    "pendingPercent": 0,
    "other": 0,
    "hasOther": false,
    "skipped": 0,
    "hasSkipped": false
  },
  "results": [
    {
      "uuid": "d60e5cd8-733b-43c0-8a3b-558b3f751cb7",
      "title": "",
      "fullFile": "cypress\\integration\\features\\api-tests.feature",
      "file": "cypress\\integration\\features\\api-tests.feature",
      "beforeHooks": [],
      "afterHooks": [],
      "tests": [],
      "suites": [
        {
          "uuid": "0314bc04-0090-46a2-b7c9-9076874a6561",
          "title": "Testes de API",
          "fullFile": "",
          "file": "",
          "beforeHooks": [],
          "afterHooks": [],
          "tests": [
            {
              "title": "Criar um novo post",
              "fullTitle": "Testes de API Criar um novo post",
              "timedOut": null,
              "duration": 605,
              "state": "failed",
              "speed": null,
              "pass": false,
              "fail": true,
              "pending": false,
              "context": null,
              "code": "const state = window.testState;\nreturn cy\n  .then(() => state.onStartScenario(scenario, indexedSteps))\n  .then(() =>\n    resolveAndRunBeforeHooks.call(this, scenario.tags, state.feature.name)\n  )\n  .then(() =>\n    indexedSteps.forEach((step) =>\n      stepTest.call(this, state, step, rowData)\n    )\n  )\n  .then(() => state.onFinishScenario(scenario));",
              "err": {
                "message": "Error: Step implementation missing for: que eu tenho uma nova postagem com título",
                "estack": "Error: Step implementation missing for: que eu tenho uma nova postagem com título\n    at Context.resolveAndRunStepDefinition (node_modules/cypress-cucumber-preprocessor/lib/resolveStepDefinition.js:199:0)\n    at Context.eval (node_modules/cypress-cucumber-preprocessor/lib/createTestFromScenario.js:27:0)",
                "diff": null
              },
              "uuid": "339b2014-82c4-4f19-8e60-7c0a4d059978",
              "parentUUID": "0314bc04-0090-46a2-b7c9-9076874a6561",
              "isHook": false,
              "skipped": false
            },
            {
              "title": "Atualizar um post existente",
              "fullTitle": "Testes de API Atualizar um post existente",
              "timedOut": null,
              "duration": 508,
              "state": "failed",
              "speed": null,
              "pass": false,
              "fail": true,
              "pending": false,
              "context": null,
              "code": "const state = window.testState;\nreturn cy\n  .then(() => state.onStartScenario(scenario, indexedSteps))\n  .then(() =>\n    resolveAndRunBeforeHooks.call(this, scenario.tags, state.feature.name)\n  )\n  .then(() =>\n    indexedSteps.forEach((step) =>\n      stepTest.call(this, state, step, rowData)\n    )\n  )\n  .then(() => state.onFinishScenario(scenario));",
              "err": {
                "message": "Error: Step implementation missing for: que eu tenho um post existente com id 1",
                "estack": "Error: Step implementation missing for: que eu tenho um post existente com id 1\n    at Context.resolveAndRunStepDefinition (node_modules/cypress-cucumber-preprocessor/lib/resolveStepDefinition.js:199:0)\n    at Context.eval (node_modules/cypress-cucumber-preprocessor/lib/createTestFromScenario.js:27:0)",
                "diff": null
              },
              "uuid": "462ef994-c017-434f-92a3-3baab505405b",
              "parentUUID": "0314bc04-0090-46a2-b7c9-9076874a6561",
              "isHook": false,
              "skipped": false
            },
            {
              "title": "Consultar um post existente",
              "fullTitle": "Testes de API Consultar um post existente",
              "timedOut": null,
              "duration": 315,
              "state": "failed",
              "speed": null,
              "pass": false,
              "fail": true,
              "pending": false,
              "context": null,
              "code": "const state = window.testState;\nreturn cy\n  .then(() => state.onStartScenario(scenario, indexedSteps))\n  .then(() =>\n    resolveAndRunBeforeHooks.call(this, scenario.tags, state.feature.name)\n  )\n  .then(() =>\n    indexedSteps.forEach((step) =>\n      stepTest.call(this, state, step, rowData)\n    )\n  )\n  .then(() => state.onFinishScenario(scenario));",
              "err": {
                "message": "Error: Step implementation missing for: que eu tenho um post existente com id 1",
                "estack": "Error: Step implementation missing for: que eu tenho um post existente com id 1\n    at Context.resolveAndRunStepDefinition (node_modules/cypress-cucumber-preprocessor/lib/resolveStepDefinition.js:199:0)\n    at Context.eval (node_modules/cypress-cucumber-preprocessor/lib/createTestFromScenario.js:27:0)",
                "diff": null
              },
              "uuid": "ce98581b-5626-4881-a858-dc8a407a08d1",
              "parentUUID": "0314bc04-0090-46a2-b7c9-9076874a6561",
              "isHook": false,
              "skipped": false
            }
          ],
          "suites": [],
          "passes": [],
          "failures": [
            "339b2014-82c4-4f19-8e60-7c0a4d059978",
            "462ef994-c017-434f-92a3-3baab505405b",
            "ce98581b-5626-4881-a858-dc8a407a08d1"
          ],
          "pending": [],
          "skipped": [],
          "duration": 1428,
          "root": false,
          "rootEmpty": false,
          "_timeout": 2000
        }
      ],
      "passes": [],
      "failures": [],
      "pending": [],
      "skipped": [],
      "duration": 0,
      "root": true,
      "rootEmpty": true,
      "_timeout": 2000
    }
  ],
  "meta": {
    "mocha": {
      "version": "7.0.1"
    },
    "mochawesome": {
      "options": {
        "quiet": false,
        "reportFilename": "mochawesome",
        "saveHtml": true,
        "saveJson": true,
        "consoleReporter": "spec",
        "useInlineDiffs": false,
        "code": true
      },
      "version": "7.1.3"
    },
    "marge": {
      "options": {
        "reportDir": "cypress/reports",
        "overwrite": false,
        "html": true,
        "json": true
      },
      "version": "6.2.0"
    }
  }
}